<?xml version="1.0" encoding="UTF-8"?>
<robot generator="Robot 5.0.1 (Python 3.9.13 on win32)" generated="20230322 14:36:34.202" rpa="false" schemaversion="3">
<suite id="s1" name="Tasks" source="c:\Users\aflopezv\Desktop\prueva 2\tasks.robot">
<test id="s1-t1" name="Open Intranet Robocorp" line="40">
<kw name="Evaluate" library="BuiltIn">
<var>${options}</var>
<arg>sys.modules['selenium.webdriver'].ChromeOptions()</arg>
<arg>sys, selenium.webdriver</arg>
<doc>Evaluates the given expression in Python and returns the result.</doc>
<msg timestamp="20230322 14:36:36.720" level="INFO">${options} = &lt;selenium.webdriver.chrome.options.Options object at 0x0000020310546790&gt;</msg>
<status status="PASS" starttime="20230322 14:36:36.716" endtime="20230322 14:36:36.724"/>
</kw>
<kw name="Call Method" library="BuiltIn">
<arg>${options}</arg>
<arg>add_argument</arg>
<arg>--disable-notifications</arg>
<doc>Calls the named method of the given object with the provided arguments.</doc>
<status status="PASS" starttime="20230322 14:36:36.726" endtime="20230322 14:36:36.727"/>
</kw>
<kw name="Call Method" library="BuiltIn">
<arg>${options}</arg>
<arg>add_argument</arg>
<arg>--disable-geolocation</arg>
<doc>Calls the named method of the given object with the provided arguments.</doc>
<status status="PASS" starttime="20230322 14:36:36.729" endtime="20230322 14:36:36.732"/>
</kw>
<kw name="Call Method" library="BuiltIn">
<arg>${options}</arg>
<arg>add_argument</arg>
<arg>--use-fake-ui-for-media-stream</arg>
<doc>Calls the named method of the given object with the provided arguments.</doc>
<status status="PASS" starttime="20230322 14:36:36.734" endtime="20230322 14:36:36.734"/>
</kw>
<kw name="Create Webdriver" library="SeleniumLibrary">
<arg>Chrome</arg>
<arg>chrome_options=${options}</arg>
<doc>Creates an instance of Selenium WebDriver.</doc>
<msg timestamp="20230322 14:36:36.736" level="INFO">Creating an instance of the Chrome WebDriver.</msg>
<status status="PASS" starttime="20230322 14:36:36.735" endtime="20230322 14:36:37.948"/>
</kw>
<kw name="Go To" library="SeleniumLibrary">
<arg>https://demoawsagp.siesaecommerce.com/home/</arg>
<doc>Navigates the current browser window to the provided ``url``.</doc>
<msg timestamp="20230322 14:36:37.951" level="INFO">Opening url 'https://demoawsagp.siesaecommerce.com/home/'</msg>
<status status="PASS" starttime="20230322 14:36:37.950" endtime="20230322 14:36:39.146"/>
</kw>
<kw name="Maximize Browser Window" library="SeleniumLibrary">
<doc>Maximizes current browser window.</doc>
<status status="PASS" starttime="20230322 14:36:39.148" endtime="20230322 14:36:39.298"/>
</kw>
<kw name="Input Text" library="SeleniumLibrary">
<arg>//*[@id="pwd-container"]/div/section[1]/form/input[3]</arg>
<arg>Admin</arg>
<doc>Types the given ``text`` into the text field identified by ``locator``.</doc>
<msg timestamp="20230322 14:36:39.308" level="INFO">Typing text 'Admin' into text field '//*[@id="pwd-container"]/div/section[1]/form/input[3]'.</msg>
<status status="PASS" starttime="20230322 14:36:39.303" endtime="20230322 14:36:39.422"/>
</kw>
<kw name="Input Text" library="SeleniumLibrary">
<arg>//*[@id="password"]</arg>
<arg>DeV.2022</arg>
<doc>Types the given ``text`` into the text field identified by ``locator``.</doc>
<msg timestamp="20230322 14:36:39.427" level="INFO">Typing text 'DeV.2022' into text field '//*[@id="password"]'.</msg>
<status status="PASS" starttime="20230322 14:36:39.424" endtime="20230322 14:36:39.516"/>
</kw>
<kw name="Click Element" library="SeleniumLibrary">
<arg>//*[@id="pwd-container"]/div/section[1]/form/div/button</arg>
<doc>Click the element identified by ``locator``.</doc>
<msg timestamp="20230322 14:36:39.519" level="INFO">Clicking element '//*[@id="pwd-container"]/div/section[1]/form/div/button'.</msg>
<status status="PASS" starttime="20230322 14:36:39.518" endtime="20230322 14:36:41.082"/>
</kw>
<kw name="Sleep" library="BuiltIn">
<arg>3s</arg>
<doc>Pauses the test executed for the given time.</doc>
<msg timestamp="20230322 14:36:44.091" level="INFO">Slept 3 seconds</msg>
<status status="PASS" starttime="20230322 14:36:41.083" endtime="20230322 14:36:44.093"/>
</kw>
<kw name="Press Keys" library="SeleniumLibrary">
<arg>None</arg>
<arg>\\27</arg>
<doc>Simulates the user pressing key(s) to an element or on the active browser.</doc>
<msg timestamp="20230322 14:36:44.102" level="INFO">Sending key(s) ('\\27',) to page.</msg>
<msg timestamp="20230322 14:36:44.104" level="INFO">Sending keys \27</msg>
<status status="PASS" starttime="20230322 14:36:44.098" endtime="20230322 14:36:44.125"/>
</kw>
<kw name="Sleep" library="BuiltIn">
<arg>7</arg>
<doc>Pauses the test executed for the given time.</doc>
<msg timestamp="20230322 14:36:51.130" level="INFO">Slept 7 seconds</msg>
<status status="PASS" starttime="20230322 14:36:44.126" endtime="20230322 14:36:51.132"/>
</kw>
<status status="PASS" starttime="20230322 14:36:36.712" endtime="20230322 14:36:51.136"/>
</test>
<test id="s1-t2" name="Open Browser and Loguing" line="56">
<kw name="Menu">
<kw name="Click Element" library="SeleniumLibrary">
<arg>sidebarToggleLG</arg>
<doc>Click the element identified by ``locator``.</doc>
<msg timestamp="20230322 14:36:51.158" level="INFO">Clicking element 'sidebarToggleLG'.</msg>
<status status="PASS" starttime="20230322 14:36:51.157" endtime="20230322 14:36:51.222"/>
</kw>
<status status="PASS" starttime="20230322 14:36:51.153" endtime="20230322 14:36:51.222"/>
</kw>
<kw name="Item Consultar">
<kw name="Click Element" library="SeleniumLibrary">
<arg>${MENU}</arg>
<doc>Click the element identified by ``locator``.</doc>
<msg timestamp="20230322 14:36:51.231" level="INFO">Clicking element 'xpath://*[@id="aside_bar_menu"]/div/div/ul/li[15]'.</msg>
<status status="PASS" starttime="20230322 14:36:51.228" endtime="20230322 14:36:51.288"/>
</kw>
<kw name="Sleep" library="BuiltIn">
<arg>3s</arg>
<doc>Pauses the test executed for the given time.</doc>
<msg timestamp="20230322 14:36:54.300" level="INFO">Slept 3 seconds</msg>
<status status="PASS" starttime="20230322 14:36:51.289" endtime="20230322 14:36:54.301"/>
</kw>
<kw name="Click Element" library="SeleniumLibrary">
<arg>${ITEM}</arg>
<doc>Click the element identified by ``locator``.</doc>
<msg timestamp="20230322 14:36:54.306" level="INFO">Clicking element 'xpath://*[@id="aside_bar_menu"]/div/div/ul/li[15]/ul/li[2]/a/span'.</msg>
<status status="PASS" starttime="20230322 14:36:54.303" endtime="20230322 14:36:54.932"/>
</kw>
<kw name="Sleep" library="BuiltIn">
<arg>3s</arg>
<doc>Pauses the test executed for the given time.</doc>
<msg timestamp="20230322 14:36:57.947" level="INFO">Slept 3 seconds</msg>
<status status="PASS" starttime="20230322 14:36:54.933" endtime="20230322 14:36:57.947"/>
</kw>
<kw name="Wait Until Page Contains Element" library="SeleniumLibrary">
<arg>id=overlay_opal_notifications</arg>
<doc>Waits until the element ``locator`` appears on the current page.</doc>
<status status="PASS" starttime="20230322 14:36:57.948" endtime="20230322 14:36:57.957"/>
</kw>
<kw name="Execute Javascript" library="SeleniumLibrary">
<arg>document.getElementById('overlay_opal_notifications').click();</arg>
<doc>Executes the given JavaScript code with possible arguments.</doc>
<msg timestamp="20230322 14:36:57.959" level="INFO">Executing JavaScript:
document.getElementById('overlay_opal_notifications').click();
Without any arguments.</msg>
<status status="PASS" starttime="20230322 14:36:57.958" endtime="20230322 14:36:57.967"/>
</kw>
<kw name="Click Element" library="SeleniumLibrary">
<arg>${DEPLOY}</arg>
<doc>Click the element identified by ``locator``.</doc>
<msg timestamp="20230322 14:36:57.969" level="INFO">Clicking element 'xpath://*[@id="items_opal_search_form"]/div[1]/div/div/button'.</msg>
<status status="PASS" starttime="20230322 14:36:57.968" endtime="20230322 14:36:58.042"/>
</kw>
<kw name="Click Element" library="SeleniumLibrary">
<arg>${CONSULTAR}</arg>
<doc>Click the element identified by ``locator``.</doc>
<msg timestamp="20230322 14:36:58.046" level="INFO">Clicking element 'xpath://*[@id="items_opal_search_form"]/div[1]/div/div/input'.</msg>
<status status="PASS" starttime="20230322 14:36:58.043" endtime="20230322 14:36:58.516"/>
</kw>
<status status="PASS" starttime="20230322 14:36:51.225" endtime="20230322 14:36:58.517"/>
</kw>
<kw name="Validar Registro">
<kw name="Get WebElements" library="SeleniumLibrary">
<var>${tabla}</var>
<arg>xpath://div[contains(@class,'table-responsive')]</arg>
<doc>Returns a list of WebElement objects matching the ``locator``.</doc>
<msg timestamp="20230322 14:36:58.536" level="INFO">${tabla} = [&lt;selenium.webdriver.remote.webelement.WebElement (session="9f2dfb826cf70546351fd4c6376d3990", element="76b4e693-a1dd-43b3-bcd0-0601eefc79e2")&gt;]</msg>
<status status="PASS" starttime="20230322 14:36:58.520" endtime="20230322 14:36:58.537"/>
</kw>
<kw name="Set Variable" library="BuiltIn">
<var>${numero_especifico}</var>
<arg>0000013</arg>
<doc>Returns the given values which can then be assigned to a variables.</doc>
<msg timestamp="20230322 14:36:58.538" level="INFO">${numero_especifico} = 0000013</msg>
<status status="PASS" starttime="20230322 14:36:58.537" endtime="20230322 14:36:58.539"/>
</kw>
<kw name="Get WebElements" library="SeleniumLibrary">
<var>${registros}</var>
<arg>xpath=//tr[contains(., '${numero_especifico}')]</arg>
<doc>Returns a list of WebElement objects matching the ``locator``.</doc>
<msg timestamp="20230322 14:36:58.552" level="INFO">${registros} = [&lt;selenium.webdriver.remote.webelement.WebElement (session="9f2dfb826cf70546351fd4c6376d3990", element="e31c4050-dd75-411f-bc15-11c8fba1dc23")&gt;]</msg>
<status status="PASS" starttime="20230322 14:36:58.539" endtime="20230322 14:36:58.552"/>
</kw>
<kw name="Get Length" library="BuiltIn">
<var>${cantidad_registros}</var>
<arg>${registros}</arg>
<doc>Returns and logs the length of the given item as an integer.</doc>
<msg timestamp="20230322 14:36:58.554" level="INFO">Length is 1</msg>
<msg timestamp="20230322 14:36:58.554" level="INFO">${cantidad_registros} = 1</msg>
<status status="PASS" starttime="20230322 14:36:58.553" endtime="20230322 14:36:58.555"/>
</kw>
<kw name="Should Be Equal As Numbers" library="BuiltIn">
<arg>${cantidad_registros}</arg>
<arg>1</arg>
<doc>Fails if objects are unequal after converting them to real numbers.</doc>
<msg timestamp="20230322 14:36:58.556" level="INFO">Argument types are:
&lt;class 'int'&gt;
&lt;class 'str'&gt;</msg>
<status status="PASS" starttime="20230322 14:36:58.555" endtime="20230322 14:36:58.556"/>
</kw>
<status status="PASS" starttime="20230322 14:36:58.518" endtime="20230322 14:36:58.557"/>
</kw>
<kw name="New Registres">
<kw name="Open Workbook" library="RPA.Excel.Files">
<arg>SalesData.xlsx</arg>
<doc>Open an existing Excel workbook.</doc>
<msg timestamp="20230322 14:36:58.619" level="INFO">Opened workbook: &lt;RPA.Excel.Files.XlsxWorkbook object at 0x00000203104352B0&gt;</msg>
<status status="PASS" starttime="20230322 14:36:58.559" endtime="20230322 14:36:58.620"/>
</kw>
<kw name="Read Worksheet As Table" library="RPA.Excel.Files">
<var>${sales_reps}</var>
<arg>header=True</arg>
<doc>Read the contents of a worksheet into a Table container. Allows
sorting/filtering/manipulating using the ``RPA.Tables`` library.</doc>
<msg timestamp="20230322 14:36:58.626" level="INFO">Created table: Table(columns=['Item Id', 'Referencia', 'Descripción', 'Unidad de medida'], rows=10)</msg>
<msg timestamp="20230322 14:36:58.628" level="INFO">${sales_reps} = Table(columns=['Item Id', 'Referencia', 'Descripción', 'Unidad de medida'], rows=10)</msg>
<status status="PASS" starttime="20230322 14:36:58.620" endtime="20230322 14:36:58.628"/>
</kw>
<kw name="Close Workbook" library="RPA.Excel.Files">
<doc>Close the active workbook.</doc>
<msg timestamp="20230322 14:36:58.633" level="INFO">Closing workbook: &lt;RPA.Excel.Files.XlsxWorkbook object at 0x00000203104352B0&gt;</msg>
<status status="PASS" starttime="20230322 14:36:58.631" endtime="20230322 14:36:58.634"/>
</kw>
<for flavor="IN">
<var>${sales_rep}</var>
<value>@{sales_reps}</value>
<iter>
<var name="${sales_rep}">{'Item Id': 2, 'Referencia': 14, 'Descripción': 'U', 'Unidad de medida': 'UNIDAD'}</var>
<kw name="Insert Dates">
<arg>${sales_rep}</arg>
<kw name="Click Link" library="SeleniumLibrary">
<arg>${NEW}</arg>
<doc>Clicks a link identified by ``locator``.</doc>
<msg timestamp="20230322 14:36:58.640" level="INFO">Clicking link 'xpath://*[@id="topbar_content_id"]/div/a[1]'.</msg>
<status status="PASS" starttime="20230322 14:36:58.639" endtime="20230322 14:36:59.710"/>
</kw>
<kw name="Input Text" library="SeleniumLibrary">
<arg>id_id_item</arg>
<arg>${sales_rep}[Item Id]</arg>
<doc>Types the given ``text`` into the text field identified by ``locator``.</doc>
<msg timestamp="20230322 14:36:59.714" level="INFO">Typing text '2' into text field 'id_id_item'.</msg>
<status status="PASS" starttime="20230322 14:36:59.711" endtime="20230322 14:36:59.787"/>
</kw>
<kw name="Input Text" library="SeleniumLibrary">
<arg>id_referencia</arg>
<arg>${sales_rep}[Referencia]</arg>
<doc>Types the given ``text`` into the text field identified by ``locator``.</doc>
<msg timestamp="20230322 14:36:59.790" level="INFO">Typing text '14' into text field 'id_referencia'.</msg>
<status status="PASS" starttime="20230322 14:36:59.788" endtime="20230322 14:36:59.869"/>
</kw>
<kw name="Input Text" library="SeleniumLibrary">
<arg>id_descripcion</arg>
<arg>${sales_rep}[Descripción]</arg>
<doc>Types the given ``text`` into the text field identified by ``locator``.</doc>
<msg timestamp="20230322 14:36:59.871" level="INFO">Typing text 'U' into text field 'id_descripcion'.</msg>
<status status="PASS" starttime="20230322 14:36:59.870" endtime="20230322 14:36:59.941"/>
</kw>
<kw name="Click Element" library="SeleniumLibrary">
<arg>${SELECT}</arg>
<doc>Click the element identified by ``locator``.</doc>
<msg timestamp="20230322 14:36:59.942" level="INFO">Clicking element 'xpath:/html/body/div[2]/div/div[4]/form/div/div[2]/div/div/div/div[5]/span/div/div[1]/span'.</msg>
<status status="PASS" starttime="20230322 14:36:59.941" endtime="20230322 14:36:59.991"/>
</kw>
<kw name="Click Link" library="SeleniumLibrary">
<arg>${VALUE_SELECT}</arg>
<doc>Clicks a link identified by ``locator``.</doc>
<msg timestamp="20230322 14:36:59.992" level="INFO">Clicking link 'xpath://*[@id="ui-select-choices-row-0-10"]/a'.</msg>
<status status="PASS" starttime="20230322 14:36:59.991" endtime="20230322 14:37:00.052"/>
</kw>
<kw name="Click Element" library="SeleniumLibrary">
<arg>${SAVE}</arg>
<doc>Click the element identified by ``locator``.</doc>
<msg timestamp="20230322 14:37:00.055" level="INFO">Clicking element 'xpath://*[@id="topbar_content_id"]/div[2]/input'.</msg>
<status status="PASS" starttime="20230322 14:37:00.054" endtime="20230322 14:37:00.691"/>
</kw>
<kw name="Click Link" library="SeleniumLibrary">
<arg>${VER_ITEMS}</arg>
<doc>Clicks a link identified by ``locator``.</doc>
<msg timestamp="20230322 14:37:00.694" level="INFO">Clicking link 'xpath://*[@id="delete_form"]/ul[1]/li[5]/a'.</msg>
<status status="PASS" starttime="20230322 14:37:00.692" endtime="20230322 14:37:01.140"/>
</kw>
<status status="PASS" starttime="20230322 14:36:58.637" endtime="20230322 14:37:01.140"/>
</kw>
<status status="PASS" starttime="20230322 14:36:58.635" endtime="20230322 14:37:01.141"/>
</iter>
<iter>
<var name="${sales_rep}">{'Item Id': 3, 'Referencia': 15, 'Descripción': 'O', 'Unidad de medida': 'GRAMOS'}</var>
<kw name="Insert Dates">
<arg>${sales_rep}</arg>
<kw name="Click Link" library="SeleniumLibrary">
<arg>${NEW}</arg>
<doc>Clicks a link identified by ``locator``.</doc>
<msg timestamp="20230322 14:37:01.145" level="INFO">Clicking link 'xpath://*[@id="topbar_content_id"]/div/a[1]'.</msg>
<status status="PASS" starttime="20230322 14:37:01.143" endtime="20230322 14:37:01.571"/>
</kw>
<kw name="Input Text" library="SeleniumLibrary">
<arg>id_id_item</arg>
<arg>${sales_rep}[Item Id]</arg>
<doc>Types the given ``text`` into the text field identified by ``locator``.</doc>
<msg timestamp="20230322 14:37:01.574" level="INFO">Typing text '3' into text field 'id_id_item'.</msg>
<status status="PASS" starttime="20230322 14:37:01.572" endtime="20230322 14:37:01.656"/>
</kw>
<kw name="Input Text" library="SeleniumLibrary">
<arg>id_referencia</arg>
<arg>${sales_rep}[Referencia]</arg>
<doc>Types the given ``text`` into the text field identified by ``locator``.</doc>
<msg timestamp="20230322 14:37:01.658" level="INFO">Typing text '15' into text field 'id_referencia'.</msg>
<status status="PASS" starttime="20230322 14:37:01.657" endtime="20230322 14:37:01.727"/>
</kw>
<kw name="Input Text" library="SeleniumLibrary">
<arg>id_descripcion</arg>
<arg>${sales_rep}[Descripción]</arg>
<doc>Types the given ``text`` into the text field identified by ``locator``.</doc>
<msg timestamp="20230322 14:37:01.730" level="INFO">Typing text 'O' into text field 'id_descripcion'.</msg>
<status status="PASS" starttime="20230322 14:37:01.728" endtime="20230322 14:37:01.798"/>
</kw>
<kw name="Click Element" library="SeleniumLibrary">
<arg>${SELECT}</arg>
<doc>Click the element identified by ``locator``.</doc>
<msg timestamp="20230322 14:37:01.801" level="INFO">Clicking element 'xpath:/html/body/div[2]/div/div[4]/form/div/div[2]/div/div/div/div[5]/span/div/div[1]/span'.</msg>
<status status="PASS" starttime="20230322 14:37:01.799" endtime="20230322 14:37:01.842"/>
</kw>
<kw name="Click Link" library="SeleniumLibrary">
<arg>${VALUE_SELECT}</arg>
<doc>Clicks a link identified by ``locator``.</doc>
<msg timestamp="20230322 14:37:01.844" level="INFO">Clicking link 'xpath://*[@id="ui-select-choices-row-0-10"]/a'.</msg>
<status status="PASS" starttime="20230322 14:37:01.843" endtime="20230322 14:37:01.890"/>
</kw>
<kw name="Click Element" library="SeleniumLibrary">
<arg>${SAVE}</arg>
<doc>Click the element identified by ``locator``.</doc>
<msg timestamp="20230322 14:37:01.891" level="INFO">Clicking element 'xpath://*[@id="topbar_content_id"]/div[2]/input'.</msg>
<status status="PASS" starttime="20230322 14:37:01.890" endtime="20230322 14:37:02.429"/>
</kw>
<kw name="Click Link" library="SeleniumLibrary">
<arg>${VER_ITEMS}</arg>
<doc>Clicks a link identified by ``locator``.</doc>
<msg timestamp="20230322 14:37:02.432" level="INFO">Clicking link 'xpath://*[@id="delete_form"]/ul[1]/li[5]/a'.</msg>
<status status="PASS" starttime="20230322 14:37:02.431" endtime="20230322 14:37:02.851"/>
</kw>
<status status="PASS" starttime="20230322 14:37:01.142" endtime="20230322 14:37:02.852"/>
</kw>
<status status="PASS" starttime="20230322 14:37:01.142" endtime="20230322 14:37:02.853"/>
</iter>
<iter>
<var name="${sales_rep}">{'Item Id': 4, 'Referencia': 16, 'Descripción': 'V', 'Unidad de medida': 'MEDIA LIBRA'}</var>
<kw name="Insert Dates">
<arg>${sales_rep}</arg>
<kw name="Click Link" library="SeleniumLibrary">
<arg>${NEW}</arg>
<doc>Clicks a link identified by ``locator``.</doc>
<msg timestamp="20230322 14:37:02.857" level="INFO">Clicking link 'xpath://*[@id="topbar_content_id"]/div/a[1]'.</msg>
<status status="PASS" starttime="20230322 14:37:02.856" endtime="20230322 14:37:03.324"/>
</kw>
<kw name="Input Text" library="SeleniumLibrary">
<arg>id_id_item</arg>
<arg>${sales_rep}[Item Id]</arg>
<doc>Types the given ``text`` into the text field identified by ``locator``.</doc>
<msg timestamp="20230322 14:37:03.326" level="INFO">Typing text '4' into text field 'id_id_item'.</msg>
<status status="PASS" starttime="20230322 14:37:03.325" endtime="20230322 14:37:03.401"/>
</kw>
<kw name="Input Text" library="SeleniumLibrary">
<arg>id_referencia</arg>
<arg>${sales_rep}[Referencia]</arg>
<doc>Types the given ``text`` into the text field identified by ``locator``.</doc>
<msg timestamp="20230322 14:37:03.403" level="INFO">Typing text '16' into text field 'id_referencia'.</msg>
<status status="PASS" starttime="20230322 14:37:03.402" endtime="20230322 14:37:03.474"/>
</kw>
<kw name="Input Text" library="SeleniumLibrary">
<arg>id_descripcion</arg>
<arg>${sales_rep}[Descripción]</arg>
<doc>Types the given ``text`` into the text field identified by ``locator``.</doc>
<msg timestamp="20230322 14:37:03.476" level="INFO">Typing text 'V' into text field 'id_descripcion'.</msg>
<status status="PASS" starttime="20230322 14:37:03.475" endtime="20230322 14:37:03.588"/>
</kw>
<kw name="Click Element" library="SeleniumLibrary">
<arg>${SELECT}</arg>
<doc>Click the element identified by ``locator``.</doc>
<msg timestamp="20230322 14:37:03.589" level="INFO">Clicking element 'xpath:/html/body/div[2]/div/div[4]/form/div/div[2]/div/div/div/div[5]/span/div/div[1]/span'.</msg>
<status status="PASS" starttime="20230322 14:37:03.588" endtime="20230322 14:37:03.664"/>
</kw>
<kw name="Click Link" library="SeleniumLibrary">
<arg>${VALUE_SELECT}</arg>
<doc>Clicks a link identified by ``locator``.</doc>
<msg timestamp="20230322 14:37:03.668" level="INFO">Clicking link 'xpath://*[@id="ui-select-choices-row-0-10"]/a'.</msg>
<status status="PASS" starttime="20230322 14:37:03.666" endtime="20230322 14:37:03.722"/>
</kw>
<kw name="Click Element" library="SeleniumLibrary">
<arg>${SAVE}</arg>
<doc>Click the element identified by ``locator``.</doc>
<msg timestamp="20230322 14:37:03.724" level="INFO">Clicking element 'xpath://*[@id="topbar_content_id"]/div[2]/input'.</msg>
<status status="PASS" starttime="20230322 14:37:03.723" endtime="20230322 14:37:04.269"/>
</kw>
<kw name="Click Link" library="SeleniumLibrary">
<arg>${VER_ITEMS}</arg>
<doc>Clicks a link identified by ``locator``.</doc>
<msg timestamp="20230322 14:37:04.270" level="INFO">Clicking link 'xpath://*[@id="delete_form"]/ul[1]/li[5]/a'.</msg>
<status status="PASS" starttime="20230322 14:37:04.269" endtime="20230322 14:37:04.706"/>
</kw>
<status status="PASS" starttime="20230322 14:37:02.854" endtime="20230322 14:37:04.707"/>
</kw>
<status status="PASS" starttime="20230322 14:37:02.853" endtime="20230322 14:37:04.708"/>
</iter>
<iter>
<var name="${sales_rep}">{'Item Id': 5, 'Referencia': 17, 'Descripción': 'W', 'Unidad de medida': 'MEDIO PANAL'}</var>
<kw name="Insert Dates">
<arg>${sales_rep}</arg>
<kw name="Click Link" library="SeleniumLibrary">
<arg>${NEW}</arg>
<doc>Clicks a link identified by ``locator``.</doc>
<msg timestamp="20230322 14:37:04.711" level="INFO">Clicking link 'xpath://*[@id="topbar_content_id"]/div/a[1]'.</msg>
<status status="PASS" starttime="20230322 14:37:04.710" endtime="20230322 14:37:05.124"/>
</kw>
<kw name="Input Text" library="SeleniumLibrary">
<arg>id_id_item</arg>
<arg>${sales_rep}[Item Id]</arg>
<doc>Types the given ``text`` into the text field identified by ``locator``.</doc>
<msg timestamp="20230322 14:37:05.125" level="INFO">Typing text '5' into text field 'id_id_item'.</msg>
<status status="PASS" starttime="20230322 14:37:05.124" endtime="20230322 14:37:05.201"/>
</kw>
<kw name="Input Text" library="SeleniumLibrary">
<arg>id_referencia</arg>
<arg>${sales_rep}[Referencia]</arg>
<doc>Types the given ``text`` into the text field identified by ``locator``.</doc>
<msg timestamp="20230322 14:37:05.203" level="INFO">Typing text '17' into text field 'id_referencia'.</msg>
<status status="PASS" starttime="20230322 14:37:05.202" endtime="20230322 14:37:05.274"/>
</kw>
<kw name="Input Text" library="SeleniumLibrary">
<arg>id_descripcion</arg>
<arg>${sales_rep}[Descripción]</arg>
<doc>Types the given ``text`` into the text field identified by ``locator``.</doc>
<msg timestamp="20230322 14:37:05.276" level="INFO">Typing text 'W' into text field 'id_descripcion'.</msg>
<status status="PASS" starttime="20230322 14:37:05.275" endtime="20230322 14:37:05.348"/>
</kw>
<kw name="Click Element" library="SeleniumLibrary">
<arg>${SELECT}</arg>
<doc>Click the element identified by ``locator``.</doc>
<msg timestamp="20230322 14:37:05.350" level="INFO">Clicking element 'xpath:/html/body/div[2]/div/div[4]/form/div/div[2]/div/div/div/div[5]/span/div/div[1]/span'.</msg>
<status status="PASS" starttime="20230322 14:37:05.349" endtime="20230322 14:37:05.429"/>
</kw>
<kw name="Click Link" library="SeleniumLibrary">
<arg>${VALUE_SELECT}</arg>
<doc>Clicks a link identified by ``locator``.</doc>
<msg timestamp="20230322 14:37:05.432" level="INFO">Clicking link 'xpath://*[@id="ui-select-choices-row-0-10"]/a'.</msg>
<status status="PASS" starttime="20230322 14:37:05.431" endtime="20230322 14:37:05.499"/>
</kw>
<kw name="Click Element" library="SeleniumLibrary">
<arg>${SAVE}</arg>
<doc>Click the element identified by ``locator``.</doc>
<msg timestamp="20230322 14:37:05.500" level="INFO">Clicking element 'xpath://*[@id="topbar_content_id"]/div[2]/input'.</msg>
<status status="PASS" starttime="20230322 14:37:05.500" endtime="20230322 14:37:06.051"/>
</kw>
<kw name="Click Link" library="SeleniumLibrary">
<arg>${VER_ITEMS}</arg>
<doc>Clicks a link identified by ``locator``.</doc>
<msg timestamp="20230322 14:37:06.053" level="INFO">Clicking link 'xpath://*[@id="delete_form"]/ul[1]/li[5]/a'.</msg>
<status status="PASS" starttime="20230322 14:37:06.052" endtime="20230322 14:37:06.492"/>
</kw>
<status status="PASS" starttime="20230322 14:37:04.709" endtime="20230322 14:37:06.492"/>
</kw>
<status status="PASS" starttime="20230322 14:37:04.708" endtime="20230322 14:37:06.493"/>
</iter>
<iter>
<var name="${sales_rep}">{'Item Id': 6, 'Referencia': 18, 'Descripción': 'X', 'Unidad de medida': 'PANAL'}</var>
<kw name="Insert Dates">
<arg>${sales_rep}</arg>
<kw name="Click Link" library="SeleniumLibrary">
<arg>${NEW}</arg>
<doc>Clicks a link identified by ``locator``.</doc>
<msg timestamp="20230322 14:37:06.499" level="INFO">Clicking link 'xpath://*[@id="topbar_content_id"]/div/a[1]'.</msg>
<status status="PASS" starttime="20230322 14:37:06.498" endtime="20230322 14:37:06.924"/>
</kw>
<kw name="Input Text" library="SeleniumLibrary">
<arg>id_id_item</arg>
<arg>${sales_rep}[Item Id]</arg>
<doc>Types the given ``text`` into the text field identified by ``locator``.</doc>
<msg timestamp="20230322 14:37:06.927" level="INFO">Typing text '6' into text field 'id_id_item'.</msg>
<status status="PASS" starttime="20230322 14:37:06.926" endtime="20230322 14:37:07.008"/>
</kw>
<kw name="Input Text" library="SeleniumLibrary">
<arg>id_referencia</arg>
<arg>${sales_rep}[Referencia]</arg>
<doc>Types the given ``text`` into the text field identified by ``locator``.</doc>
<msg timestamp="20230322 14:37:07.009" level="INFO">Typing text '18' into text field 'id_referencia'.</msg>
<status status="PASS" starttime="20230322 14:37:07.008" endtime="20230322 14:37:07.078"/>
</kw>
<kw name="Input Text" library="SeleniumLibrary">
<arg>id_descripcion</arg>
<arg>${sales_rep}[Descripción]</arg>
<doc>Types the given ``text`` into the text field identified by ``locator``.</doc>
<msg timestamp="20230322 14:37:07.082" level="INFO">Typing text 'X' into text field 'id_descripcion'.</msg>
<status status="PASS" starttime="20230322 14:37:07.080" endtime="20230322 14:37:07.153"/>
</kw>
<kw name="Click Element" library="SeleniumLibrary">
<arg>${SELECT}</arg>
<doc>Click the element identified by ``locator``.</doc>
<msg timestamp="20230322 14:37:07.155" level="INFO">Clicking element 'xpath:/html/body/div[2]/div/div[4]/form/div/div[2]/div/div/div/div[5]/span/div/div[1]/span'.</msg>
<status status="PASS" starttime="20230322 14:37:07.154" endtime="20230322 14:37:07.234"/>
</kw>
<kw name="Click Link" library="SeleniumLibrary">
<arg>${VALUE_SELECT}</arg>
<doc>Clicks a link identified by ``locator``.</doc>
<msg timestamp="20230322 14:37:07.237" level="INFO">Clicking link 'xpath://*[@id="ui-select-choices-row-0-10"]/a'.</msg>
<status status="PASS" starttime="20230322 14:37:07.235" endtime="20230322 14:37:07.307"/>
</kw>
<kw name="Click Element" library="SeleniumLibrary">
<arg>${SAVE}</arg>
<doc>Click the element identified by ``locator``.</doc>
<msg timestamp="20230322 14:37:07.309" level="INFO">Clicking element 'xpath://*[@id="topbar_content_id"]/div[2]/input'.</msg>
<status status="PASS" starttime="20230322 14:37:07.308" endtime="20230322 14:37:07.853"/>
</kw>
<kw name="Click Link" library="SeleniumLibrary">
<arg>${VER_ITEMS}</arg>
<doc>Clicks a link identified by ``locator``.</doc>
<msg timestamp="20230322 14:37:07.855" level="INFO">Clicking link 'xpath://*[@id="delete_form"]/ul[1]/li[5]/a'.</msg>
<status status="PASS" starttime="20230322 14:37:07.853" endtime="20230322 14:37:08.292"/>
</kw>
<status status="PASS" starttime="20230322 14:37:06.494" endtime="20230322 14:37:08.293"/>
</kw>
<status status="PASS" starttime="20230322 14:37:06.493" endtime="20230322 14:37:08.294"/>
</iter>
<iter>
<var name="${sales_rep}">{'Item Id': 7, 'Referencia': 19, 'Descripción': 'O', 'Unidad de medida': 'UNIDAD'}</var>
<kw name="Insert Dates">
<arg>${sales_rep}</arg>
<kw name="Click Link" library="SeleniumLibrary">
<arg>${NEW}</arg>
<doc>Clicks a link identified by ``locator``.</doc>
<msg timestamp="20230322 14:37:08.300" level="INFO">Clicking link 'xpath://*[@id="topbar_content_id"]/div/a[1]'.</msg>
<status status="PASS" starttime="20230322 14:37:08.298" endtime="20230322 14:37:08.701"/>
</kw>
<kw name="Input Text" library="SeleniumLibrary">
<arg>id_id_item</arg>
<arg>${sales_rep}[Item Id]</arg>
<doc>Types the given ``text`` into the text field identified by ``locator``.</doc>
<msg timestamp="20230322 14:37:08.703" level="INFO">Typing text '7' into text field 'id_id_item'.</msg>
<status status="PASS" starttime="20230322 14:37:08.702" endtime="20230322 14:37:08.772"/>
</kw>
<kw name="Input Text" library="SeleniumLibrary">
<arg>id_referencia</arg>
<arg>${sales_rep}[Referencia]</arg>
<doc>Types the given ``text`` into the text field identified by ``locator``.</doc>
<msg timestamp="20230322 14:37:08.774" level="INFO">Typing text '19' into text field 'id_referencia'.</msg>
<status status="PASS" starttime="20230322 14:37:08.772" endtime="20230322 14:37:08.843"/>
</kw>
<kw name="Input Text" library="SeleniumLibrary">
<arg>id_descripcion</arg>
<arg>${sales_rep}[Descripción]</arg>
<doc>Types the given ``text`` into the text field identified by ``locator``.</doc>
<msg timestamp="20230322 14:37:08.844" level="INFO">Typing text 'O' into text field 'id_descripcion'.</msg>
<status status="PASS" starttime="20230322 14:37:08.843" endtime="20230322 14:37:08.954"/>
</kw>
<kw name="Click Element" library="SeleniumLibrary">
<arg>${SELECT}</arg>
<doc>Click the element identified by ``locator``.</doc>
<msg timestamp="20230322 14:37:08.955" level="INFO">Clicking element 'xpath:/html/body/div[2]/div/div[4]/form/div/div[2]/div/div/div/div[5]/span/div/div[1]/span'.</msg>
<status status="PASS" starttime="20230322 14:37:08.954" endtime="20230322 14:37:09.037"/>
</kw>
<kw name="Click Link" library="SeleniumLibrary">
<arg>${VALUE_SELECT}</arg>
<doc>Clicks a link identified by ``locator``.</doc>
<msg timestamp="20230322 14:37:09.040" level="INFO">Clicking link 'xpath://*[@id="ui-select-choices-row-0-10"]/a'.</msg>
<status status="PASS" starttime="20230322 14:37:09.039" endtime="20230322 14:37:09.118"/>
</kw>
<kw name="Click Element" library="SeleniumLibrary">
<arg>${SAVE}</arg>
<doc>Click the element identified by ``locator``.</doc>
<msg timestamp="20230322 14:37:09.120" level="INFO">Clicking element 'xpath://*[@id="topbar_content_id"]/div[2]/input'.</msg>
<status status="PASS" starttime="20230322 14:37:09.119" endtime="20230322 14:37:09.673"/>
</kw>
<kw name="Click Link" library="SeleniumLibrary">
<arg>${VER_ITEMS}</arg>
<doc>Clicks a link identified by ``locator``.</doc>
<msg timestamp="20230322 14:37:09.674" level="INFO">Clicking link 'xpath://*[@id="delete_form"]/ul[1]/li[5]/a'.</msg>
<status status="PASS" starttime="20230322 14:37:09.673" endtime="20230322 14:37:10.132"/>
</kw>
<status status="PASS" starttime="20230322 14:37:08.296" endtime="20230322 14:37:10.133"/>
</kw>
<status status="PASS" starttime="20230322 14:37:08.294" endtime="20230322 14:37:10.134"/>
</iter>
<iter>
<var name="${sales_rep}">{'Item Id': 8, 'Referencia': 20, 'Descripción': 'Y', 'Unidad de medida': 'UNIDAD'}</var>
<kw name="Insert Dates">
<arg>${sales_rep}</arg>
<kw name="Click Link" library="SeleniumLibrary">
<arg>${NEW}</arg>
<doc>Clicks a link identified by ``locator``.</doc>
<msg timestamp="20230322 14:37:10.140" level="INFO">Clicking link 'xpath://*[@id="topbar_content_id"]/div/a[1]'.</msg>
<status status="PASS" starttime="20230322 14:37:10.139" endtime="20230322 14:37:10.542"/>
</kw>
<kw name="Input Text" library="SeleniumLibrary">
<arg>id_id_item</arg>
<arg>${sales_rep}[Item Id]</arg>
<doc>Types the given ``text`` into the text field identified by ``locator``.</doc>
<msg timestamp="20230322 14:37:10.546" level="INFO">Typing text '8' into text field 'id_id_item'.</msg>
<status status="PASS" starttime="20230322 14:37:10.544" endtime="20230322 14:37:10.622"/>
</kw>
<kw name="Input Text" library="SeleniumLibrary">
<arg>id_referencia</arg>
<arg>${sales_rep}[Referencia]</arg>
<doc>Types the given ``text`` into the text field identified by ``locator``.</doc>
<msg timestamp="20230322 14:37:10.624" level="INFO">Typing text '20' into text field 'id_referencia'.</msg>
<status status="PASS" starttime="20230322 14:37:10.623" endtime="20230322 14:37:10.697"/>
</kw>
<kw name="Input Text" library="SeleniumLibrary">
<arg>id_descripcion</arg>
<arg>${sales_rep}[Descripción]</arg>
<doc>Types the given ``text`` into the text field identified by ``locator``.</doc>
<msg timestamp="20230322 14:37:10.699" level="INFO">Typing text 'Y' into text field 'id_descripcion'.</msg>
<status status="PASS" starttime="20230322 14:37:10.697" endtime="20230322 14:37:10.770"/>
</kw>
<kw name="Click Element" library="SeleniumLibrary">
<arg>${SELECT}</arg>
<doc>Click the element identified by ``locator``.</doc>
<msg timestamp="20230322 14:37:10.772" level="INFO">Clicking element 'xpath:/html/body/div[2]/div/div[4]/form/div/div[2]/div/div/div/div[5]/span/div/div[1]/span'.</msg>
<status status="PASS" starttime="20230322 14:37:10.771" endtime="20230322 14:37:10.860"/>
</kw>
<kw name="Click Link" library="SeleniumLibrary">
<arg>${VALUE_SELECT}</arg>
<doc>Clicks a link identified by ``locator``.</doc>
<msg timestamp="20230322 14:37:10.865" level="INFO">Clicking link 'xpath://*[@id="ui-select-choices-row-0-10"]/a'.</msg>
<status status="PASS" starttime="20230322 14:37:10.861" endtime="20230322 14:37:10.934"/>
</kw>
<kw name="Click Element" library="SeleniumLibrary">
<arg>${SAVE}</arg>
<doc>Click the element identified by ``locator``.</doc>
<msg timestamp="20230322 14:37:10.936" level="INFO">Clicking element 'xpath://*[@id="topbar_content_id"]/div[2]/input'.</msg>
<status status="PASS" starttime="20230322 14:37:10.935" endtime="20230322 14:37:11.486"/>
</kw>
<kw name="Click Link" library="SeleniumLibrary">
<arg>${VER_ITEMS}</arg>
<doc>Clicks a link identified by ``locator``.</doc>
<msg timestamp="20230322 14:37:11.488" level="INFO">Clicking link 'xpath://*[@id="delete_form"]/ul[1]/li[5]/a'.</msg>
<status status="PASS" starttime="20230322 14:37:11.486" endtime="20230322 14:37:11.974"/>
</kw>
<status status="PASS" starttime="20230322 14:37:10.137" endtime="20230322 14:37:11.975"/>
</kw>
<status status="PASS" starttime="20230322 14:37:10.134" endtime="20230322 14:37:11.976"/>
</iter>
<iter>
<var name="${sales_rep}">{'Item Id': 9, 'Referencia': 21, 'Descripción': 'U', 'Unidad de medida': 'UNIDAD'}</var>
<kw name="Insert Dates">
<arg>${sales_rep}</arg>
<kw name="Click Link" library="SeleniumLibrary">
<arg>${NEW}</arg>
<doc>Clicks a link identified by ``locator``.</doc>
<msg timestamp="20230322 14:37:11.983" level="INFO">Clicking link 'xpath://*[@id="topbar_content_id"]/div/a[1]'.</msg>
<status status="PASS" starttime="20230322 14:37:11.979" endtime="20230322 14:37:12.383"/>
</kw>
<kw name="Input Text" library="SeleniumLibrary">
<arg>id_id_item</arg>
<arg>${sales_rep}[Item Id]</arg>
<doc>Types the given ``text`` into the text field identified by ``locator``.</doc>
<msg timestamp="20230322 14:37:12.385" level="INFO">Typing text '9' into text field 'id_id_item'.</msg>
<status status="PASS" starttime="20230322 14:37:12.384" endtime="20230322 14:37:12.465"/>
</kw>
<kw name="Input Text" library="SeleniumLibrary">
<arg>id_referencia</arg>
<arg>${sales_rep}[Referencia]</arg>
<doc>Types the given ``text`` into the text field identified by ``locator``.</doc>
<msg timestamp="20230322 14:37:12.467" level="INFO">Typing text '21' into text field 'id_referencia'.</msg>
<status status="PASS" starttime="20230322 14:37:12.465" endtime="20230322 14:37:12.540"/>
</kw>
<kw name="Input Text" library="SeleniumLibrary">
<arg>id_descripcion</arg>
<arg>${sales_rep}[Descripción]</arg>
<doc>Types the given ``text`` into the text field identified by ``locator``.</doc>
<msg timestamp="20230322 14:37:12.541" level="INFO">Typing text 'U' into text field 'id_descripcion'.</msg>
<status status="PASS" starttime="20230322 14:37:12.540" endtime="20230322 14:37:12.630"/>
</kw>
<kw name="Click Element" library="SeleniumLibrary">
<arg>${SELECT}</arg>
<doc>Click the element identified by ``locator``.</doc>
<msg timestamp="20230322 14:37:12.634" level="INFO">Clicking element 'xpath:/html/body/div[2]/div/div[4]/form/div/div[2]/div/div/div/div[5]/span/div/div[1]/span'.</msg>
<status status="PASS" starttime="20230322 14:37:12.632" endtime="20230322 14:37:12.724"/>
</kw>
<kw name="Click Link" library="SeleniumLibrary">
<arg>${VALUE_SELECT}</arg>
<doc>Clicks a link identified by ``locator``.</doc>
<msg timestamp="20230322 14:37:12.727" level="INFO">Clicking link 'xpath://*[@id="ui-select-choices-row-0-10"]/a'.</msg>
<status status="PASS" starttime="20230322 14:37:12.725" endtime="20230322 14:37:12.852"/>
</kw>
<kw name="Click Element" library="SeleniumLibrary">
<arg>${SAVE}</arg>
<doc>Click the element identified by ``locator``.</doc>
<msg timestamp="20230322 14:37:12.853" level="INFO">Clicking element 'xpath://*[@id="topbar_content_id"]/div[2]/input'.</msg>
<status status="PASS" starttime="20230322 14:37:12.852" endtime="20230322 14:37:13.508"/>
</kw>
<kw name="Click Link" library="SeleniumLibrary">
<arg>${VER_ITEMS}</arg>
<doc>Clicks a link identified by ``locator``.</doc>
<msg timestamp="20230322 14:37:13.509" level="INFO">Clicking link 'xpath://*[@id="delete_form"]/ul[1]/li[5]/a'.</msg>
<status status="PASS" starttime="20230322 14:37:13.508" endtime="20230322 14:37:13.975"/>
</kw>
<status status="PASS" starttime="20230322 14:37:11.977" endtime="20230322 14:37:13.976"/>
</kw>
<status status="PASS" starttime="20230322 14:37:11.976" endtime="20230322 14:37:13.977"/>
</iter>
<iter>
<var name="${sales_rep}">{'Item Id': 10, 'Referencia': 22, 'Descripción': 'Z', 'Unidad de medida': 'UNIDAD'}</var>
<kw name="Insert Dates">
<arg>${sales_rep}</arg>
<kw name="Click Link" library="SeleniumLibrary">
<arg>${NEW}</arg>
<doc>Clicks a link identified by ``locator``.</doc>
<msg timestamp="20230322 14:37:13.984" level="INFO">Clicking link 'xpath://*[@id="topbar_content_id"]/div/a[1]'.</msg>
<status status="PASS" starttime="20230322 14:37:13.982" endtime="20230322 14:37:14.387"/>
</kw>
<kw name="Input Text" library="SeleniumLibrary">
<arg>id_id_item</arg>
<arg>${sales_rep}[Item Id]</arg>
<doc>Types the given ``text`` into the text field identified by ``locator``.</doc>
<msg timestamp="20230322 14:37:14.390" level="INFO">Typing text '10' into text field 'id_id_item'.</msg>
<status status="PASS" starttime="20230322 14:37:14.389" endtime="20230322 14:37:14.465"/>
</kw>
<kw name="Input Text" library="SeleniumLibrary">
<arg>id_referencia</arg>
<arg>${sales_rep}[Referencia]</arg>
<doc>Types the given ``text`` into the text field identified by ``locator``.</doc>
<msg timestamp="20230322 14:37:14.467" level="INFO">Typing text '22' into text field 'id_referencia'.</msg>
<status status="PASS" starttime="20230322 14:37:14.466" endtime="20230322 14:37:14.540"/>
</kw>
<kw name="Input Text" library="SeleniumLibrary">
<arg>id_descripcion</arg>
<arg>${sales_rep}[Descripción]</arg>
<doc>Types the given ``text`` into the text field identified by ``locator``.</doc>
<msg timestamp="20230322 14:37:14.542" level="INFO">Typing text 'Z' into text field 'id_descripcion'.</msg>
<status status="PASS" starttime="20230322 14:37:14.541" endtime="20230322 14:37:14.619"/>
</kw>
<kw name="Click Element" library="SeleniumLibrary">
<arg>${SELECT}</arg>
<doc>Click the element identified by ``locator``.</doc>
<msg timestamp="20230322 14:37:14.621" level="INFO">Clicking element 'xpath:/html/body/div[2]/div/div[4]/form/div/div[2]/div/div/div/div[5]/span/div/div[1]/span'.</msg>
<status status="PASS" starttime="20230322 14:37:14.620" endtime="20230322 14:37:14.756"/>
</kw>
<kw name="Click Link" library="SeleniumLibrary">
<arg>${VALUE_SELECT}</arg>
<doc>Clicks a link identified by ``locator``.</doc>
<msg timestamp="20230322 14:37:14.759" level="INFO">Clicking link 'xpath://*[@id="ui-select-choices-row-0-10"]/a'.</msg>
<status status="PASS" starttime="20230322 14:37:14.757" endtime="20230322 14:37:14.826"/>
</kw>
<kw name="Click Element" library="SeleniumLibrary">
<arg>${SAVE}</arg>
<doc>Click the element identified by ``locator``.</doc>
<msg timestamp="20230322 14:37:14.827" level="INFO">Clicking element 'xpath://*[@id="topbar_content_id"]/div[2]/input'.</msg>
<status status="PASS" starttime="20230322 14:37:14.826" endtime="20230322 14:37:15.376"/>
</kw>
<kw name="Click Link" library="SeleniumLibrary">
<arg>${VER_ITEMS}</arg>
<doc>Clicks a link identified by ``locator``.</doc>
<msg timestamp="20230322 14:37:15.377" level="INFO">Clicking link 'xpath://*[@id="delete_form"]/ul[1]/li[5]/a'.</msg>
<status status="PASS" starttime="20230322 14:37:15.376" endtime="20230322 14:37:15.835"/>
</kw>
<status status="PASS" starttime="20230322 14:37:13.978" endtime="20230322 14:37:15.836"/>
</kw>
<status status="PASS" starttime="20230322 14:37:13.977" endtime="20230322 14:37:15.838"/>
</iter>
<iter>
<var name="${sales_rep}">{'Item Id': 11, 'Referencia': 23, 'Descripción': 'X', 'Unidad de medida': 'UNIDAD'}</var>
<kw name="Insert Dates">
<arg>${sales_rep}</arg>
<kw name="Click Link" library="SeleniumLibrary">
<arg>${NEW}</arg>
<doc>Clicks a link identified by ``locator``.</doc>
<msg timestamp="20230322 14:37:15.843" level="INFO">Clicking link 'xpath://*[@id="topbar_content_id"]/div/a[1]'.</msg>
<status status="PASS" starttime="20230322 14:37:15.842" endtime="20230322 14:37:16.259"/>
</kw>
<kw name="Input Text" library="SeleniumLibrary">
<arg>id_id_item</arg>
<arg>${sales_rep}[Item Id]</arg>
<doc>Types the given ``text`` into the text field identified by ``locator``.</doc>
<msg timestamp="20230322 14:37:16.261" level="INFO">Typing text '11' into text field 'id_id_item'.</msg>
<status status="PASS" starttime="20230322 14:37:16.260" endtime="20230322 14:37:16.342"/>
</kw>
<kw name="Input Text" library="SeleniumLibrary">
<arg>id_referencia</arg>
<arg>${sales_rep}[Referencia]</arg>
<doc>Types the given ``text`` into the text field identified by ``locator``.</doc>
<msg timestamp="20230322 14:37:16.344" level="INFO">Typing text '23' into text field 'id_referencia'.</msg>
<status status="PASS" starttime="20230322 14:37:16.343" endtime="20230322 14:37:16.423"/>
</kw>
<kw name="Input Text" library="SeleniumLibrary">
<arg>id_descripcion</arg>
<arg>${sales_rep}[Descripción]</arg>
<doc>Types the given ``text`` into the text field identified by ``locator``.</doc>
<msg timestamp="20230322 14:37:16.425" level="INFO">Typing text 'X' into text field 'id_descripcion'.</msg>
<status status="PASS" starttime="20230322 14:37:16.423" endtime="20230322 14:37:16.495"/>
</kw>
<kw name="Click Element" library="SeleniumLibrary">
<arg>${SELECT}</arg>
<doc>Click the element identified by ``locator``.</doc>
<msg timestamp="20230322 14:37:16.498" level="INFO">Clicking element 'xpath:/html/body/div[2]/div/div[4]/form/div/div[2]/div/div/div/div[5]/span/div/div[1]/span'.</msg>
<status status="PASS" starttime="20230322 14:37:16.497" endtime="20230322 14:37:16.573"/>
</kw>
<kw name="Click Link" library="SeleniumLibrary">
<arg>${VALUE_SELECT}</arg>
<doc>Clicks a link identified by ``locator``.</doc>
<msg timestamp="20230322 14:37:16.576" level="INFO">Clicking link 'xpath://*[@id="ui-select-choices-row-0-10"]/a'.</msg>
<status status="PASS" starttime="20230322 14:37:16.575" endtime="20230322 14:37:16.654"/>
</kw>
<kw name="Click Element" library="SeleniumLibrary">
<arg>${SAVE}</arg>
<doc>Click the element identified by ``locator``.</doc>
<msg timestamp="20230322 14:37:16.656" level="INFO">Clicking element 'xpath://*[@id="topbar_content_id"]/div[2]/input'.</msg>
<status status="PASS" starttime="20230322 14:37:16.655" endtime="20230322 14:37:17.300"/>
</kw>
<kw name="Click Link" library="SeleniumLibrary">
<arg>${VER_ITEMS}</arg>
<doc>Clicks a link identified by ``locator``.</doc>
<msg timestamp="20230322 14:37:17.304" level="INFO">Clicking link 'xpath://*[@id="delete_form"]/ul[1]/li[5]/a'.</msg>
<status status="PASS" starttime="20230322 14:37:17.301" endtime="20230322 14:37:17.768"/>
</kw>
<status status="PASS" starttime="20230322 14:37:15.840" endtime="20230322 14:37:17.769"/>
</kw>
<status status="PASS" starttime="20230322 14:37:15.838" endtime="20230322 14:37:17.770"/>
</iter>
<status status="PASS" starttime="20230322 14:36:58.634" endtime="20230322 14:37:17.771"/>
</for>
<status status="PASS" starttime="20230322 14:36:58.559" endtime="20230322 14:37:17.772"/>
</kw>
<kw name="Search Registres">
<kw name="Open Workbook" library="RPA.Excel.Files">
<arg>SalesData.xlsx</arg>
<doc>Open an existing Excel workbook.</doc>
<msg timestamp="20230322 14:37:17.815" level="INFO">Opened workbook: &lt;RPA.Excel.Files.XlsxWorkbook object at 0x000002030F03A790&gt;</msg>
<status status="PASS" starttime="20230322 14:37:17.777" endtime="20230322 14:37:17.816"/>
</kw>
<kw name="Read Worksheet As Table" library="RPA.Excel.Files">
<var>${sales_reps}</var>
<arg>header=True</arg>
<doc>Read the contents of a worksheet into a Table container. Allows
sorting/filtering/manipulating using the ``RPA.Tables`` library.</doc>
<msg timestamp="20230322 14:37:17.820" level="INFO">Created table: Table(columns=['Item Id', 'Referencia', 'Descripción', 'Unidad de medida'], rows=10)</msg>
<msg timestamp="20230322 14:37:17.822" level="INFO">${sales_reps} = Table(columns=['Item Id', 'Referencia', 'Descripción', 'Unidad de medida'], rows=10)</msg>
<status status="PASS" starttime="20230322 14:37:17.817" endtime="20230322 14:37:17.822"/>
</kw>
<kw name="Close Workbook" library="RPA.Excel.Files">
<doc>Close the active workbook.</doc>
<msg timestamp="20230322 14:37:17.824" level="INFO">Closing workbook: &lt;RPA.Excel.Files.XlsxWorkbook object at 0x000002030F03A790&gt;</msg>
<status status="PASS" starttime="20230322 14:37:17.823" endtime="20230322 14:37:17.825"/>
</kw>
<for flavor="IN">
<var>${sales_rep}</var>
<value>@{sales_reps}</value>
<iter>
<var name="${sales_rep}">{'Item Id': 2, 'Referencia': 14, 'Descripción': 'U', 'Unidad de medida': 'UNIDAD'}</var>
<kw name="Inserte dates in Search Items">
<arg>${sales_rep}</arg>
<kw name="Input Text" library="SeleniumLibrary">
<arg>id_referencia</arg>
<arg>${sales_rep}[Referencia]</arg>
<doc>Types the given ``text`` into the text field identified by ``locator``.</doc>
<msg timestamp="20230322 14:37:17.835" level="INFO">Typing text '14' into text field 'id_referencia'.</msg>
<status status="PASS" starttime="20230322 14:37:17.833" endtime="20230322 14:37:17.937"/>
</kw>
<kw name="Input Text" library="SeleniumLibrary">
<arg>id_descripcion</arg>
<arg>${sales_rep}[Descripción]</arg>
<doc>Types the given ``text`` into the text field identified by ``locator``.</doc>
<msg timestamp="20230322 14:37:17.940" level="INFO">Typing text 'U' into text field 'id_descripcion'.</msg>
<status status="PASS" starttime="20230322 14:37:17.938" endtime="20230322 14:37:18.039"/>
</kw>
<kw name="Click Element" library="SeleniumLibrary">
<arg>${BUSCAR}</arg>
<doc>Click the element identified by ``locator``.</doc>
<msg timestamp="20230322 14:37:18.041" level="INFO">Clicking element 'xpath://*[@id="items_opal_search_form"]/div[1]/div/div/input'.</msg>
<status status="PASS" starttime="20230322 14:37:18.040" endtime="20230322 14:37:18.614"/>
</kw>
<kw name="Sleep" library="BuiltIn">
<arg>1s</arg>
<doc>Pauses the test executed for the given time.</doc>
<msg timestamp="20230322 14:37:19.625" level="INFO">Slept 1 second</msg>
<status status="PASS" starttime="20230322 14:37:18.616" endtime="20230322 14:37:19.626"/>
</kw>
<kw name="Click Element" library="SeleniumLibrary">
<arg>${DEPLOY}</arg>
<doc>Click the element identified by ``locator``.</doc>
<msg timestamp="20230322 14:37:19.633" level="INFO">Clicking element 'xpath://*[@id="items_opal_search_form"]/div[1]/div/div/button'.</msg>
<status status="PASS" starttime="20230322 14:37:19.629" endtime="20230322 14:37:19.689"/>
</kw>
<status status="PASS" starttime="20230322 14:37:17.828" endtime="20230322 14:37:19.690"/>
</kw>
<status status="PASS" starttime="20230322 14:37:17.827" endtime="20230322 14:37:19.691"/>
</iter>
<iter>
<var name="${sales_rep}">{'Item Id': 3, 'Referencia': 15, 'Descripción': 'O', 'Unidad de medida': 'GRAMOS'}</var>
<kw name="Inserte dates in Search Items">
<arg>${sales_rep}</arg>
<kw name="Input Text" library="SeleniumLibrary">
<arg>id_referencia</arg>
<arg>${sales_rep}[Referencia]</arg>
<doc>Types the given ``text`` into the text field identified by ``locator``.</doc>
<msg timestamp="20230322 14:37:19.694" level="INFO">Typing text '15' into text field 'id_referencia'.</msg>
<status status="PASS" starttime="20230322 14:37:19.693" endtime="20230322 14:37:19.774"/>
</kw>
<kw name="Input Text" library="SeleniumLibrary">
<arg>id_descripcion</arg>
<arg>${sales_rep}[Descripción]</arg>
<doc>Types the given ``text`` into the text field identified by ``locator``.</doc>
<msg timestamp="20230322 14:37:19.776" level="INFO">Typing text 'O' into text field 'id_descripcion'.</msg>
<status status="PASS" starttime="20230322 14:37:19.775" endtime="20230322 14:37:19.842"/>
</kw>
<kw name="Click Element" library="SeleniumLibrary">
<arg>${BUSCAR}</arg>
<doc>Click the element identified by ``locator``.</doc>
<msg timestamp="20230322 14:37:19.844" level="INFO">Clicking element 'xpath://*[@id="items_opal_search_form"]/div[1]/div/div/input'.</msg>
<status status="PASS" starttime="20230322 14:37:19.843" endtime="20230322 14:37:20.248"/>
</kw>
<kw name="Sleep" library="BuiltIn">
<arg>1s</arg>
<doc>Pauses the test executed for the given time.</doc>
<msg timestamp="20230322 14:37:21.259" level="INFO">Slept 1 second</msg>
<status status="PASS" starttime="20230322 14:37:20.249" endtime="20230322 14:37:21.260"/>
</kw>
<kw name="Click Element" library="SeleniumLibrary">
<arg>${DEPLOY}</arg>
<doc>Click the element identified by ``locator``.</doc>
<msg timestamp="20230322 14:37:21.267" level="INFO">Clicking element 'xpath://*[@id="items_opal_search_form"]/div[1]/div/div/button'.</msg>
<status status="PASS" starttime="20230322 14:37:21.264" endtime="20230322 14:37:21.316"/>
</kw>
<status status="PASS" starttime="20230322 14:37:19.692" endtime="20230322 14:37:21.318"/>
</kw>
<status status="PASS" starttime="20230322 14:37:19.691" endtime="20230322 14:37:21.319"/>
</iter>
<iter>
<var name="${sales_rep}">{'Item Id': 4, 'Referencia': 16, 'Descripción': 'V', 'Unidad de medida': 'MEDIA LIBRA'}</var>
<kw name="Inserte dates in Search Items">
<arg>${sales_rep}</arg>
<kw name="Input Text" library="SeleniumLibrary">
<arg>id_referencia</arg>
<arg>${sales_rep}[Referencia]</arg>
<doc>Types the given ``text`` into the text field identified by ``locator``.</doc>
<msg timestamp="20230322 14:37:21.322" level="INFO">Typing text '16' into text field 'id_referencia'.</msg>
<status status="PASS" starttime="20230322 14:37:21.321" endtime="20230322 14:37:21.388"/>
</kw>
<kw name="Input Text" library="SeleniumLibrary">
<arg>id_descripcion</arg>
<arg>${sales_rep}[Descripción]</arg>
<doc>Types the given ``text`` into the text field identified by ``locator``.</doc>
<msg timestamp="20230322 14:37:21.390" level="INFO">Typing text 'V' into text field 'id_descripcion'.</msg>
<status status="PASS" starttime="20230322 14:37:21.389" endtime="20230322 14:37:21.457"/>
</kw>
<kw name="Click Element" library="SeleniumLibrary">
<arg>${BUSCAR}</arg>
<doc>Click the element identified by ``locator``.</doc>
<msg timestamp="20230322 14:37:21.459" level="INFO">Clicking element 'xpath://*[@id="items_opal_search_form"]/div[1]/div/div/input'.</msg>
<status status="PASS" starttime="20230322 14:37:21.458" endtime="20230322 14:37:21.875"/>
</kw>
<kw name="Sleep" library="BuiltIn">
<arg>1s</arg>
<doc>Pauses the test executed for the given time.</doc>
<msg timestamp="20230322 14:37:22.882" level="INFO">Slept 1 second</msg>
<status status="PASS" starttime="20230322 14:37:21.876" endtime="20230322 14:37:22.884"/>
</kw>
<kw name="Click Element" library="SeleniumLibrary">
<arg>${DEPLOY}</arg>
<doc>Click the element identified by ``locator``.</doc>
<msg timestamp="20230322 14:37:22.889" level="INFO">Clicking element 'xpath://*[@id="items_opal_search_form"]/div[1]/div/div/button'.</msg>
<status status="PASS" starttime="20230322 14:37:22.886" endtime="20230322 14:37:22.951"/>
</kw>
<status status="PASS" starttime="20230322 14:37:21.320" endtime="20230322 14:37:22.952"/>
</kw>
<status status="PASS" starttime="20230322 14:37:21.319" endtime="20230322 14:37:22.952"/>
</iter>
<iter>
<var name="${sales_rep}">{'Item Id': 5, 'Referencia': 17, 'Descripción': 'W', 'Unidad de medida': 'MEDIO PANAL'}</var>
<kw name="Inserte dates in Search Items">
<arg>${sales_rep}</arg>
<kw name="Input Text" library="SeleniumLibrary">
<arg>id_referencia</arg>
<arg>${sales_rep}[Referencia]</arg>
<doc>Types the given ``text`` into the text field identified by ``locator``.</doc>
<msg timestamp="20230322 14:37:22.955" level="INFO">Typing text '17' into text field 'id_referencia'.</msg>
<status status="PASS" starttime="20230322 14:37:22.955" endtime="20230322 14:37:23.032"/>
</kw>
<kw name="Input Text" library="SeleniumLibrary">
<arg>id_descripcion</arg>
<arg>${sales_rep}[Descripción]</arg>
<doc>Types the given ``text`` into the text field identified by ``locator``.</doc>
<msg timestamp="20230322 14:37:23.034" level="INFO">Typing text 'W' into text field 'id_descripcion'.</msg>
<status status="PASS" starttime="20230322 14:37:23.033" endtime="20230322 14:37:23.106"/>
</kw>
<kw name="Click Element" library="SeleniumLibrary">
<arg>${BUSCAR}</arg>
<doc>Click the element identified by ``locator``.</doc>
<msg timestamp="20230322 14:37:23.108" level="INFO">Clicking element 'xpath://*[@id="items_opal_search_form"]/div[1]/div/div/input'.</msg>
<status status="PASS" starttime="20230322 14:37:23.107" endtime="20230322 14:37:23.544"/>
</kw>
<kw name="Sleep" library="BuiltIn">
<arg>1s</arg>
<doc>Pauses the test executed for the given time.</doc>
<msg timestamp="20230322 14:37:24.564" level="INFO">Slept 1 second</msg>
<status status="PASS" starttime="20230322 14:37:23.546" endtime="20230322 14:37:24.566"/>
</kw>
<kw name="Click Element" library="SeleniumLibrary">
<arg>${DEPLOY}</arg>
<doc>Click the element identified by ``locator``.</doc>
<msg timestamp="20230322 14:37:24.571" level="INFO">Clicking element 'xpath://*[@id="items_opal_search_form"]/div[1]/div/div/button'.</msg>
<status status="PASS" starttime="20230322 14:37:24.568" endtime="20230322 14:37:24.625"/>
</kw>
<status status="PASS" starttime="20230322 14:37:22.953" endtime="20230322 14:37:24.626"/>
</kw>
<status status="PASS" starttime="20230322 14:37:22.953" endtime="20230322 14:37:24.626"/>
</iter>
<iter>
<var name="${sales_rep}">{'Item Id': 6, 'Referencia': 18, 'Descripción': 'X', 'Unidad de medida': 'PANAL'}</var>
<kw name="Inserte dates in Search Items">
<arg>${sales_rep}</arg>
<kw name="Input Text" library="SeleniumLibrary">
<arg>id_referencia</arg>
<arg>${sales_rep}[Referencia]</arg>
<doc>Types the given ``text`` into the text field identified by ``locator``.</doc>
<msg timestamp="20230322 14:37:24.632" level="INFO">Typing text '18' into text field 'id_referencia'.</msg>
<status status="PASS" starttime="20230322 14:37:24.630" endtime="20230322 14:37:24.705"/>
</kw>
<kw name="Input Text" library="SeleniumLibrary">
<arg>id_descripcion</arg>
<arg>${sales_rep}[Descripción]</arg>
<doc>Types the given ``text`` into the text field identified by ``locator``.</doc>
<msg timestamp="20230322 14:37:24.707" level="INFO">Typing text 'X' into text field 'id_descripcion'.</msg>
<status status="PASS" starttime="20230322 14:37:24.706" endtime="20230322 14:37:24.773"/>
</kw>
<kw name="Click Element" library="SeleniumLibrary">
<arg>${BUSCAR}</arg>
<doc>Click the element identified by ``locator``.</doc>
<msg timestamp="20230322 14:37:24.775" level="INFO">Clicking element 'xpath://*[@id="items_opal_search_form"]/div[1]/div/div/input'.</msg>
<status status="PASS" starttime="20230322 14:37:24.774" endtime="20230322 14:37:25.204"/>
</kw>
<kw name="Sleep" library="BuiltIn">
<arg>1s</arg>
<doc>Pauses the test executed for the given time.</doc>
<msg timestamp="20230322 14:37:26.213" level="INFO">Slept 1 second</msg>
<status status="PASS" starttime="20230322 14:37:25.205" endtime="20230322 14:37:26.215"/>
</kw>
<kw name="Click Element" library="SeleniumLibrary">
<arg>${DEPLOY}</arg>
<doc>Click the element identified by ``locator``.</doc>
<msg timestamp="20230322 14:37:26.220" level="INFO">Clicking element 'xpath://*[@id="items_opal_search_form"]/div[1]/div/div/button'.</msg>
<status status="PASS" starttime="20230322 14:37:26.217" endtime="20230322 14:37:26.292"/>
</kw>
<status status="PASS" starttime="20230322 14:37:24.627" endtime="20230322 14:37:26.293"/>
</kw>
<status status="PASS" starttime="20230322 14:37:24.627" endtime="20230322 14:37:26.293"/>
</iter>
<iter>
<var name="${sales_rep}">{'Item Id': 7, 'Referencia': 19, 'Descripción': 'O', 'Unidad de medida': 'UNIDAD'}</var>
<kw name="Inserte dates in Search Items">
<arg>${sales_rep}</arg>
<kw name="Input Text" library="SeleniumLibrary">
<arg>id_referencia</arg>
<arg>${sales_rep}[Referencia]</arg>
<doc>Types the given ``text`` into the text field identified by ``locator``.</doc>
<msg timestamp="20230322 14:37:26.300" level="INFO">Typing text '19' into text field 'id_referencia'.</msg>
<status status="PASS" starttime="20230322 14:37:26.299" endtime="20230322 14:37:26.371"/>
</kw>
<kw name="Input Text" library="SeleniumLibrary">
<arg>id_descripcion</arg>
<arg>${sales_rep}[Descripción]</arg>
<doc>Types the given ``text`` into the text field identified by ``locator``.</doc>
<msg timestamp="20230322 14:37:26.373" level="INFO">Typing text 'O' into text field 'id_descripcion'.</msg>
<status status="PASS" starttime="20230322 14:37:26.372" endtime="20230322 14:37:26.442"/>
</kw>
<kw name="Click Element" library="SeleniumLibrary">
<arg>${BUSCAR}</arg>
<doc>Click the element identified by ``locator``.</doc>
<msg timestamp="20230322 14:37:26.446" level="INFO">Clicking element 'xpath://*[@id="items_opal_search_form"]/div[1]/div/div/input'.</msg>
<status status="PASS" starttime="20230322 14:37:26.443" endtime="20230322 14:37:26.868"/>
</kw>
<kw name="Sleep" library="BuiltIn">
<arg>1s</arg>
<doc>Pauses the test executed for the given time.</doc>
<msg timestamp="20230322 14:37:27.873" level="INFO">Slept 1 second</msg>
<status status="PASS" starttime="20230322 14:37:26.868" endtime="20230322 14:37:27.874"/>
</kw>
<kw name="Click Element" library="SeleniumLibrary">
<arg>${DEPLOY}</arg>
<doc>Click the element identified by ``locator``.</doc>
<msg timestamp="20230322 14:37:27.880" level="INFO">Clicking element 'xpath://*[@id="items_opal_search_form"]/div[1]/div/div/button'.</msg>
<status status="PASS" starttime="20230322 14:37:27.876" endtime="20230322 14:37:27.958"/>
</kw>
<status status="PASS" starttime="20230322 14:37:26.295" endtime="20230322 14:37:27.959"/>
</kw>
<status status="PASS" starttime="20230322 14:37:26.294" endtime="20230322 14:37:27.960"/>
</iter>
<iter>
<var name="${sales_rep}">{'Item Id': 8, 'Referencia': 20, 'Descripción': 'Y', 'Unidad de medida': 'UNIDAD'}</var>
<kw name="Inserte dates in Search Items">
<arg>${sales_rep}</arg>
<kw name="Input Text" library="SeleniumLibrary">
<arg>id_referencia</arg>
<arg>${sales_rep}[Referencia]</arg>
<doc>Types the given ``text`` into the text field identified by ``locator``.</doc>
<msg timestamp="20230322 14:37:27.968" level="INFO">Typing text '20' into text field 'id_referencia'.</msg>
<status status="PASS" starttime="20230322 14:37:27.966" endtime="20230322 14:37:28.043"/>
</kw>
<kw name="Input Text" library="SeleniumLibrary">
<arg>id_descripcion</arg>
<arg>${sales_rep}[Descripción]</arg>
<doc>Types the given ``text`` into the text field identified by ``locator``.</doc>
<msg timestamp="20230322 14:37:28.047" level="INFO">Typing text 'Y' into text field 'id_descripcion'.</msg>
<status status="PASS" starttime="20230322 14:37:28.044" endtime="20230322 14:37:28.110"/>
</kw>
<kw name="Click Element" library="SeleniumLibrary">
<arg>${BUSCAR}</arg>
<doc>Click the element identified by ``locator``.</doc>
<msg timestamp="20230322 14:37:28.114" level="INFO">Clicking element 'xpath://*[@id="items_opal_search_form"]/div[1]/div/div/input'.</msg>
<status status="PASS" starttime="20230322 14:37:28.112" endtime="20230322 14:37:28.577"/>
</kw>
<kw name="Sleep" library="BuiltIn">
<arg>1s</arg>
<doc>Pauses the test executed for the given time.</doc>
<msg timestamp="20230322 14:37:29.582" level="INFO">Slept 1 second</msg>
<status status="PASS" starttime="20230322 14:37:28.578" endtime="20230322 14:37:29.584"/>
</kw>
<kw name="Click Element" library="SeleniumLibrary">
<arg>${DEPLOY}</arg>
<doc>Click the element identified by ``locator``.</doc>
<msg timestamp="20230322 14:37:29.589" level="INFO">Clicking element 'xpath://*[@id="items_opal_search_form"]/div[1]/div/div/button'.</msg>
<status status="PASS" starttime="20230322 14:37:29.586" endtime="20230322 14:37:29.643"/>
</kw>
<status status="PASS" starttime="20230322 14:37:27.963" endtime="20230322 14:37:29.644"/>
</kw>
<status status="PASS" starttime="20230322 14:37:27.961" endtime="20230322 14:37:29.644"/>
</iter>
<iter>
<var name="${sales_rep}">{'Item Id': 9, 'Referencia': 21, 'Descripción': 'U', 'Unidad de medida': 'UNIDAD'}</var>
<kw name="Inserte dates in Search Items">
<arg>${sales_rep}</arg>
<kw name="Input Text" library="SeleniumLibrary">
<arg>id_referencia</arg>
<arg>${sales_rep}[Referencia]</arg>
<doc>Types the given ``text`` into the text field identified by ``locator``.</doc>
<msg timestamp="20230322 14:37:29.650" level="INFO">Typing text '21' into text field 'id_referencia'.</msg>
<status status="PASS" starttime="20230322 14:37:29.649" endtime="20230322 14:37:29.720"/>
</kw>
<kw name="Input Text" library="SeleniumLibrary">
<arg>id_descripcion</arg>
<arg>${sales_rep}[Descripción]</arg>
<doc>Types the given ``text`` into the text field identified by ``locator``.</doc>
<msg timestamp="20230322 14:37:29.721" level="INFO">Typing text 'U' into text field 'id_descripcion'.</msg>
<status status="PASS" starttime="20230322 14:37:29.720" endtime="20230322 14:37:29.790"/>
</kw>
<kw name="Click Element" library="SeleniumLibrary">
<arg>${BUSCAR}</arg>
<doc>Click the element identified by ``locator``.</doc>
<msg timestamp="20230322 14:37:29.792" level="INFO">Clicking element 'xpath://*[@id="items_opal_search_form"]/div[1]/div/div/input'.</msg>
<status status="PASS" starttime="20230322 14:37:29.791" endtime="20230322 14:37:30.211"/>
</kw>
<kw name="Sleep" library="BuiltIn">
<arg>1s</arg>
<doc>Pauses the test executed for the given time.</doc>
<msg timestamp="20230322 14:37:31.230" level="INFO">Slept 1 second</msg>
<status status="PASS" starttime="20230322 14:37:30.213" endtime="20230322 14:37:31.232"/>
</kw>
<kw name="Click Element" library="SeleniumLibrary">
<arg>${DEPLOY}</arg>
<doc>Click the element identified by ``locator``.</doc>
<msg timestamp="20230322 14:37:31.237" level="INFO">Clicking element 'xpath://*[@id="items_opal_search_form"]/div[1]/div/div/button'.</msg>
<status status="PASS" starttime="20230322 14:37:31.234" endtime="20230322 14:37:31.302"/>
</kw>
<status status="PASS" starttime="20230322 14:37:29.646" endtime="20230322 14:37:31.304"/>
</kw>
<status status="PASS" starttime="20230322 14:37:29.645" endtime="20230322 14:37:31.304"/>
</iter>
<iter>
<var name="${sales_rep}">{'Item Id': 10, 'Referencia': 22, 'Descripción': 'Z', 'Unidad de medida': 'UNIDAD'}</var>
<kw name="Inserte dates in Search Items">
<arg>${sales_rep}</arg>
<kw name="Input Text" library="SeleniumLibrary">
<arg>id_referencia</arg>
<arg>${sales_rep}[Referencia]</arg>
<doc>Types the given ``text`` into the text field identified by ``locator``.</doc>
<msg timestamp="20230322 14:37:31.308" level="INFO">Typing text '22' into text field 'id_referencia'.</msg>
<status status="PASS" starttime="20230322 14:37:31.307" endtime="20230322 14:37:31.386"/>
</kw>
<kw name="Input Text" library="SeleniumLibrary">
<arg>id_descripcion</arg>
<arg>${sales_rep}[Descripción]</arg>
<doc>Types the given ``text`` into the text field identified by ``locator``.</doc>
<msg timestamp="20230322 14:37:31.388" level="INFO">Typing text 'Z' into text field 'id_descripcion'.</msg>
<status status="PASS" starttime="20230322 14:37:31.387" endtime="20230322 14:37:31.453"/>
</kw>
<kw name="Click Element" library="SeleniumLibrary">
<arg>${BUSCAR}</arg>
<doc>Click the element identified by ``locator``.</doc>
<msg timestamp="20230322 14:37:31.455" level="INFO">Clicking element 'xpath://*[@id="items_opal_search_form"]/div[1]/div/div/input'.</msg>
<status status="PASS" starttime="20230322 14:37:31.455" endtime="20230322 14:37:31.885"/>
</kw>
<kw name="Sleep" library="BuiltIn">
<arg>1s</arg>
<doc>Pauses the test executed for the given time.</doc>
<msg timestamp="20230322 14:37:32.889" level="INFO">Slept 1 second</msg>
<status status="PASS" starttime="20230322 14:37:31.886" endtime="20230322 14:37:32.891"/>
</kw>
<kw name="Click Element" library="SeleniumLibrary">
<arg>${DEPLOY}</arg>
<doc>Click the element identified by ``locator``.</doc>
<msg timestamp="20230322 14:37:32.896" level="INFO">Clicking element 'xpath://*[@id="items_opal_search_form"]/div[1]/div/div/button'.</msg>
<status status="PASS" starttime="20230322 14:37:32.893" endtime="20230322 14:37:32.953"/>
</kw>
<status status="PASS" starttime="20230322 14:37:31.306" endtime="20230322 14:37:32.954"/>
</kw>
<status status="PASS" starttime="20230322 14:37:31.305" endtime="20230322 14:37:32.955"/>
</iter>
<iter>
<var name="${sales_rep}">{'Item Id': 11, 'Referencia': 23, 'Descripción': 'X', 'Unidad de medida': 'UNIDAD'}</var>
<kw name="Inserte dates in Search Items">
<arg>${sales_rep}</arg>
<kw name="Input Text" library="SeleniumLibrary">
<arg>id_referencia</arg>
<arg>${sales_rep}[Referencia]</arg>
<doc>Types the given ``text`` into the text field identified by ``locator``.</doc>
<msg timestamp="20230322 14:37:32.960" level="INFO">Typing text '23' into text field 'id_referencia'.</msg>
<status status="PASS" starttime="20230322 14:37:32.958" endtime="20230322 14:37:33.038"/>
</kw>
<kw name="Input Text" library="SeleniumLibrary">
<arg>id_descripcion</arg>
<arg>${sales_rep}[Descripción]</arg>
<doc>Types the given ``text`` into the text field identified by ``locator``.</doc>
<msg timestamp="20230322 14:37:33.040" level="INFO">Typing text 'X' into text field 'id_descripcion'.</msg>
<status status="PASS" starttime="20230322 14:37:33.039" endtime="20230322 14:37:33.106"/>
</kw>
<kw name="Click Element" library="SeleniumLibrary">
<arg>${BUSCAR}</arg>
<doc>Click the element identified by ``locator``.</doc>
<msg timestamp="20230322 14:37:33.108" level="INFO">Clicking element 'xpath://*[@id="items_opal_search_form"]/div[1]/div/div/input'.</msg>
<status status="PASS" starttime="20230322 14:37:33.107" endtime="20230322 14:37:33.536"/>
</kw>
<kw name="Sleep" library="BuiltIn">
<arg>1s</arg>
<doc>Pauses the test executed for the given time.</doc>
<msg timestamp="20230322 14:37:34.552" level="INFO">Slept 1 second</msg>
<status status="PASS" starttime="20230322 14:37:33.536" endtime="20230322 14:37:34.552"/>
</kw>
<kw name="Click Element" library="SeleniumLibrary">
<arg>${DEPLOY}</arg>
<doc>Click the element identified by ``locator``.</doc>
<msg timestamp="20230322 14:37:34.554" level="INFO">Clicking element 'xpath://*[@id="items_opal_search_form"]/div[1]/div/div/button'.</msg>
<status status="PASS" starttime="20230322 14:37:34.553" endtime="20230322 14:37:34.595"/>
</kw>
<status status="PASS" starttime="20230322 14:37:32.957" endtime="20230322 14:37:34.598"/>
</kw>
<status status="PASS" starttime="20230322 14:37:32.956" endtime="20230322 14:37:34.599"/>
</iter>
<status status="PASS" starttime="20230322 14:37:17.826" endtime="20230322 14:37:34.599"/>
</for>
<status status="PASS" starttime="20230322 14:37:17.775" endtime="20230322 14:37:34.599"/>
</kw>
<kw name="Edit Register">
<kw name="Sleep" library="BuiltIn">
<arg>5s</arg>
<doc>Pauses the test executed for the given time.</doc>
<msg timestamp="20230322 14:37:39.615" level="INFO">Slept 5 seconds</msg>
<status status="PASS" starttime="20230322 14:37:34.603" endtime="20230322 14:37:39.617"/>
</kw>
<kw name="Click Link" library="SeleniumLibrary">
<arg>${EDIT}</arg>
<doc>Clicks a link identified by ``locator``.</doc>
<msg timestamp="20230322 14:37:39.622" level="INFO">Clicking link 'xpath://*[@id="items_opal_search_form"]/div[4]/table/tbody[1]/tr/td[1]/a'.</msg>
<status status="PASS" starttime="20230322 14:37:39.619" endtime="20230322 14:37:40.068"/>
</kw>
<kw name="Sleep" library="BuiltIn">
<arg>2s</arg>
<doc>Pauses the test executed for the given time.</doc>
<msg timestamp="20230322 14:37:42.071" level="INFO">Slept 2 seconds</msg>
<status status="PASS" starttime="20230322 14:37:40.069" endtime="20230322 14:37:42.072"/>
</kw>
<kw name="Click Element" library="SeleniumLibrary">
<arg>xpath:/html/body/div[2]/div/div[3]/form/div/div/div/div/div/div[5]/span/div/div[1]/span</arg>
<doc>Click the element identified by ``locator``.</doc>
<msg timestamp="20230322 14:37:42.076" level="INFO">Clicking element 'xpath:/html/body/div[2]/div/div[3]/form/div/div/div/div/div/div[5]/span/div/div[1]/span'.</msg>
<status status="PASS" starttime="20230322 14:37:42.075" endtime="20230322 14:37:42.131"/>
</kw>
<kw name="Sleep" library="BuiltIn">
<arg>1s</arg>
<doc>Pauses the test executed for the given time.</doc>
<msg timestamp="20230322 14:37:43.142" level="INFO">Slept 1 second</msg>
<status status="PASS" starttime="20230322 14:37:42.132" endtime="20230322 14:37:43.143"/>
</kw>
<kw name="Click Link" library="SeleniumLibrary">
<arg>${VALUE_SELECT_2}</arg>
<doc>Clicks a link identified by ``locator``.</doc>
<msg timestamp="20230322 14:37:43.150" level="INFO">Clicking link 'xpath://*[@id="ui-select-choices-row-0-4"]/a'.</msg>
<status status="PASS" starttime="20230322 14:37:43.146" endtime="20230322 14:37:43.218"/>
</kw>
<kw name="Click Element" library="SeleniumLibrary">
<arg>xpath://*[@id="topbar_content_id"]/div[2]/input</arg>
<doc>Click the element identified by ``locator``.</doc>
<msg timestamp="20230322 14:37:43.219" level="INFO">Clicking element 'xpath://*[@id="topbar_content_id"]/div[2]/input'.</msg>
<status status="PASS" starttime="20230322 14:37:43.218" endtime="20230322 14:37:43.828"/>
</kw>
<kw name="Click Link" library="SeleniumLibrary">
<arg>${VER_ITEMS}</arg>
<doc>Clicks a link identified by ``locator``.</doc>
<msg timestamp="20230322 14:37:43.833" level="INFO">Clicking link 'xpath://*[@id="delete_form"]/ul[1]/li[5]/a'.</msg>
<status status="PASS" starttime="20230322 14:37:43.830" endtime="20230322 14:37:44.256"/>
</kw>
<status status="PASS" starttime="20230322 14:37:34.601" endtime="20230322 14:37:44.257"/>
</kw>
<kw name="Remove register">
<kw name="Sleep" library="BuiltIn">
<arg>3s</arg>
<doc>Pauses the test executed for the given time.</doc>
<msg timestamp="20230322 14:37:47.275" level="INFO">Slept 3 seconds</msg>
<status status="PASS" starttime="20230322 14:37:44.260" endtime="20230322 14:37:47.275"/>
</kw>
<kw name="Click Element" library="SeleniumLibrary">
<arg>${DEPLOY}</arg>
<doc>Click the element identified by ``locator``.</doc>
<msg timestamp="20230322 14:37:47.281" level="INFO">Clicking element 'xpath://*[@id="items_opal_search_form"]/div[1]/div/div/button'.</msg>
<status status="PASS" starttime="20230322 14:37:47.277" endtime="20230322 14:37:47.331"/>
</kw>
<kw name="Click Element" library="SeleniumLibrary">
<arg>${BUSCAR}</arg>
<doc>Click the element identified by ``locator``.</doc>
<msg timestamp="20230322 14:37:47.334" level="INFO">Clicking element 'xpath://*[@id="items_opal_search_form"]/div[1]/div/div/input'.</msg>
<status status="PASS" starttime="20230322 14:37:47.332" endtime="20230322 14:37:47.860"/>
</kw>
<kw name="Click Link" library="SeleniumLibrary">
<arg>${Checkbox}</arg>
<doc>Clicks a link identified by ``locator``.</doc>
<msg timestamp="20230322 14:37:47.861" level="INFO">Clicking link 'xpath://*[@id="items_opal_search_form"]/div[2]/a'.</msg>
<status status="PASS" starttime="20230322 14:37:47.860" endtime="20230322 14:37:47.947"/>
</kw>
<kw name="Sleep" library="BuiltIn">
<arg>2s</arg>
<doc>Pauses the test executed for the given time.</doc>
<msg timestamp="20230322 14:37:49.959" level="INFO">Slept 2 seconds</msg>
<status status="PASS" starttime="20230322 14:37:47.948" endtime="20230322 14:37:49.961"/>
</kw>
<kw name="Click Element" library="SeleniumLibrary">
<arg>${Checkbox_all}</arg>
<doc>Click the element identified by ``locator``.</doc>
<msg timestamp="20230322 14:37:49.968" level="INFO">Clicking element 'xpath://*[@id="items_opal_search_form"]/div[2]/ul/li[1]/a'.</msg>
<status status="PASS" starttime="20230322 14:37:49.965" endtime="20230322 14:37:50.018"/>
</kw>
<kw name="Click Link" library="SeleniumLibrary">
<arg>${Actions}</arg>
<doc>Clicks a link identified by ``locator``.</doc>
<msg timestamp="20230322 14:37:50.021" level="INFO">Clicking link 'xpath://*[@id="items_opal_search_form"]/div[3]/a'.</msg>
<status status="PASS" starttime="20230322 14:37:50.019" endtime="20230322 14:37:50.060"/>
</kw>
<kw name="Sleep" library="BuiltIn">
<arg>2s</arg>
<doc>Pauses the test executed for the given time.</doc>
<msg timestamp="20230322 14:37:52.066" level="INFO">Slept 2 seconds</msg>
<status status="PASS" starttime="20230322 14:37:50.061" endtime="20230322 14:37:52.068"/>
</kw>
<kw name="Click Link" library="SeleniumLibrary">
<arg>${Delete}</arg>
<doc>Clicks a link identified by ``locator``.</doc>
<msg timestamp="20230322 14:37:52.073" level="INFO">Clicking link 'xpath://*[@id="items_opal_search_form"]/div[3]/ul/li[5]/a'.</msg>
<status status="PASS" starttime="20230322 14:37:52.070" endtime="20230322 14:37:52.137"/>
</kw>
<kw name="Wait Until Page Contains Element" library="SeleniumLibrary">
<arg>${Alert}</arg>
<doc>Waits until the element ``locator`` appears on the current page.</doc>
<status status="PASS" starttime="20230322 14:37:52.138" endtime="20230322 14:37:52.151"/>
</kw>
<kw name="Sleep" library="BuiltIn">
<arg>3s</arg>
<doc>Pauses the test executed for the given time.</doc>
<msg timestamp="20230322 14:37:55.162" level="INFO">Slept 3 seconds</msg>
<status status="PASS" starttime="20230322 14:37:52.152" endtime="20230322 14:37:55.165"/>
</kw>
<kw name="Click Button" library="SeleniumLibrary">
<arg>${Confirmar}</arg>
<doc>Clicks the button identified by ``locator``.</doc>
<msg timestamp="20230322 14:37:55.170" level="INFO">Clicking button 'alertify-ok'.</msg>
<status status="PASS" starttime="20230322 14:37:55.167" endtime="20230322 14:37:55.251"/>
</kw>
<status status="PASS" starttime="20230322 14:37:44.258" endtime="20230322 14:37:55.252"/>
</kw>
<kw name="Insert Defaulf">
<kw name="Sleep" library="BuiltIn">
<arg>3s</arg>
<doc>Pauses the test executed for the given time.</doc>
<msg timestamp="20230322 14:37:58.268" level="INFO">Slept 3 seconds</msg>
<status status="PASS" starttime="20230322 14:37:55.256" endtime="20230322 14:37:58.270"/>
</kw>
<kw name="Click Link" library="SeleniumLibrary">
<arg>xpath://*[@id="topbar_content_id"]/div/a</arg>
<doc>Clicks a link identified by ``locator``.</doc>
<msg timestamp="20230322 14:37:58.275" level="INFO">Clicking link 'xpath://*[@id="topbar_content_id"]/div/a'.</msg>
<status status="PASS" starttime="20230322 14:37:58.272" endtime="20230322 14:37:58.788"/>
</kw>
<kw name="Click Link" library="SeleniumLibrary">
<arg>${NEW}</arg>
<doc>Clicks a link identified by ``locator``.</doc>
<msg timestamp="20230322 14:37:58.790" level="INFO">Clicking link 'xpath://*[@id="topbar_content_id"]/div/a[1]'.</msg>
<status status="PASS" starttime="20230322 14:37:58.788" endtime="20230322 14:37:59.376"/>
</kw>
<kw name="Input Text" library="SeleniumLibrary">
<arg>id_id_item</arg>
<arg>0000001</arg>
<doc>Types the given ``text`` into the text field identified by ``locator``.</doc>
<msg timestamp="20230322 14:37:59.378" level="INFO">Typing text '0000001' into text field 'id_id_item'.</msg>
<status status="PASS" starttime="20230322 14:37:59.377" endtime="20230322 14:37:59.469"/>
</kw>
<kw name="Input Text" library="SeleniumLibrary">
<arg>id_referencia</arg>
<arg>0000013</arg>
<doc>Types the given ``text`` into the text field identified by ``locator``.</doc>
<msg timestamp="20230322 14:37:59.471" level="INFO">Typing text '0000013' into text field 'id_referencia'.</msg>
<status status="PASS" starttime="20230322 14:37:59.470" endtime="20230322 14:37:59.546"/>
</kw>
<kw name="Input Text" library="SeleniumLibrary">
<arg>id_descripcion</arg>
<arg>Televisor marca samsung 48 pulgadas</arg>
<doc>Types the given ``text`` into the text field identified by ``locator``.</doc>
<msg timestamp="20230322 14:37:59.548" level="INFO">Typing text 'Televisor marca samsung 48 pulgadas' into text field 'id_descripcion'.</msg>
<status status="PASS" starttime="20230322 14:37:59.547" endtime="20230322 14:37:59.649"/>
</kw>
<kw name="Click Element" library="SeleniumLibrary">
<arg>${SELECT}</arg>
<doc>Click the element identified by ``locator``.</doc>
<msg timestamp="20230322 14:37:59.651" level="INFO">Clicking element 'xpath:/html/body/div[2]/div/div[4]/form/div/div[2]/div/div/div/div[5]/span/div/div[1]/span'.</msg>
<status status="PASS" starttime="20230322 14:37:59.650" endtime="20230322 14:37:59.726"/>
</kw>
<kw name="Sleep" library="BuiltIn">
<arg>1s</arg>
<doc>Pauses the test executed for the given time.</doc>
<msg timestamp="20230322 14:38:00.730" level="INFO">Slept 1 second</msg>
<status status="PASS" starttime="20230322 14:37:59.726" endtime="20230322 14:38:00.732"/>
</kw>
<kw name="Click Link" library="SeleniumLibrary">
<arg>${VALUE_SELECT}</arg>
<doc>Clicks a link identified by ``locator``.</doc>
<msg timestamp="20230322 14:38:00.738" level="INFO">Clicking link 'xpath://*[@id="ui-select-choices-row-0-10"]/a'.</msg>
<status status="PASS" starttime="20230322 14:38:00.734" endtime="20230322 14:38:00.806"/>
</kw>
<kw name="Click Element" library="SeleniumLibrary">
<arg>${SAVE}</arg>
<doc>Click the element identified by ``locator``.</doc>
<msg timestamp="20230322 14:38:00.807" level="INFO">Clicking element 'xpath://*[@id="topbar_content_id"]/div[2]/input'.</msg>
<status status="PASS" starttime="20230322 14:38:00.807" endtime="20230322 14:38:01.467"/>
</kw>
<kw name="Click Link" library="SeleniumLibrary">
<arg>${VER_ITEMS}</arg>
<doc>Clicks a link identified by ``locator``.</doc>
<msg timestamp="20230322 14:38:01.470" level="INFO">Clicking link 'xpath://*[@id="delete_form"]/ul[1]/li[5]/a'.</msg>
<status status="PASS" starttime="20230322 14:38:01.468" endtime="20230322 14:38:01.992"/>
</kw>
<status status="PASS" starttime="20230322 14:37:55.254" endtime="20230322 14:38:01.993"/>
</kw>
<kw name="Validar Registro">
<kw name="Get WebElements" library="SeleniumLibrary">
<var>${tabla}</var>
<arg>xpath://div[contains(@class,'table-responsive')]</arg>
<doc>Returns a list of WebElement objects matching the ``locator``.</doc>
<msg timestamp="20230322 14:38:02.045" level="INFO">${tabla} = [&lt;selenium.webdriver.remote.webelement.WebElement (session="9f2dfb826cf70546351fd4c6376d3990", element="e20e6bfd-0192-4d25-bbfb-46450bfa72b5")&gt;]</msg>
<status status="PASS" starttime="20230322 14:38:02.000" endtime="20230322 14:38:02.047"/>
</kw>
<kw name="Set Variable" library="BuiltIn">
<var>${numero_especifico}</var>
<arg>0000013</arg>
<doc>Returns the given values which can then be assigned to a variables.</doc>
<msg timestamp="20230322 14:38:02.050" level="INFO">${numero_especifico} = 0000013</msg>
<status status="PASS" starttime="20230322 14:38:02.049" endtime="20230322 14:38:02.051"/>
</kw>
<kw name="Get WebElements" library="SeleniumLibrary">
<var>${registros}</var>
<arg>xpath=//tr[contains(., '${numero_especifico}')]</arg>
<doc>Returns a list of WebElement objects matching the ``locator``.</doc>
<msg timestamp="20230322 14:38:02.067" level="INFO">${registros} = [&lt;selenium.webdriver.remote.webelement.WebElement (session="9f2dfb826cf70546351fd4c6376d3990", element="0d2538f8-6e6d-46c6-9ec3-f09c3f420304")&gt;]</msg>
<status status="PASS" starttime="20230322 14:38:02.051" endtime="20230322 14:38:02.067"/>
</kw>
<kw name="Get Length" library="BuiltIn">
<var>${cantidad_registros}</var>
<arg>${registros}</arg>
<doc>Returns and logs the length of the given item as an integer.</doc>
<msg timestamp="20230322 14:38:02.070" level="INFO">Length is 1</msg>
<msg timestamp="20230322 14:38:02.070" level="INFO">${cantidad_registros} = 1</msg>
<status status="PASS" starttime="20230322 14:38:02.068" endtime="20230322 14:38:02.071"/>
</kw>
<kw name="Should Be Equal As Numbers" library="BuiltIn">
<arg>${cantidad_registros}</arg>
<arg>1</arg>
<doc>Fails if objects are unequal after converting them to real numbers.</doc>
<msg timestamp="20230322 14:38:02.074" level="INFO">Argument types are:
&lt;class 'int'&gt;
&lt;class 'str'&gt;</msg>
<status status="PASS" starttime="20230322 14:38:02.072" endtime="20230322 14:38:02.074"/>
</kw>
<status status="PASS" starttime="20230322 14:38:01.995" endtime="20230322 14:38:02.075"/>
</kw>
<kw name="Close Log Ing">
<kw name="Click Link" library="SeleniumLibrary">
<arg>${userToggle}</arg>
<doc>Clicks a link identified by ``locator``.</doc>
<msg timestamp="20230322 14:38:02.081" level="INFO">Clicking link 'xpath://*[@id="userToggle"]'.</msg>
<status status="PASS" starttime="20230322 14:38:02.079" endtime="20230322 14:38:02.150"/>
</kw>
<kw name="Sleep" library="BuiltIn">
<arg>2s</arg>
<doc>Pauses the test executed for the given time.</doc>
<msg timestamp="20230322 14:38:04.156" level="INFO">Slept 2 seconds</msg>
<status status="PASS" starttime="20230322 14:38:02.151" endtime="20230322 14:38:04.157"/>
</kw>
<kw name="Click Link" library="SeleniumLibrary">
<arg>${Log_out}</arg>
<doc>Clicks a link identified by ``locator``.</doc>
<msg timestamp="20230322 14:38:04.165" level="INFO">Clicking link 'xpath:/html/body/div[2]/header/div/div/div[2]/div/div/ul/li[4]/a'.</msg>
<status status="PASS" starttime="20230322 14:38:04.159" endtime="20230322 14:38:04.501"/>
</kw>
<status status="PASS" starttime="20230322 14:38:02.076" endtime="20230322 14:38:04.501"/>
</kw>
<status status="PASS" starttime="20230322 14:36:51.146" endtime="20230322 14:38:04.505"/>
</test>
<doc>Robot que hace un Login.</doc>
<status status="PASS" starttime="20230322 14:36:34.219" endtime="20230322 14:38:04.508"/>
</suite>
<statistics>
<total>
<stat pass="2" fail="0" skip="0">All Tests</stat>
</total>
<tag>
</tag>
<suite>
<stat pass="2" fail="0" skip="0" id="s1" name="Tasks">Tasks</stat>
</suite>
</statistics>
<errors>
</errors>
</robot>
